0:0:0:0:0:0:0:1 -  -  [24/05/2017:03:55:06 +0000] "GET /jtrac HTTP/1.1" 302 0 
0:0:0:0:0:0:0:1 -  -  [24/05/2017:03:55:06 +0000] "GET /jtrac/ HTTP/1.1" 200 75 
0:0:0:0:0:0:0:1 -  -  [24/05/2017:03:55:06 +0000] "GET /favicon.ico HTTP/1.1" 200 1150 
0:0:0:0:0:0:0:1 -  -  [24/05/2017:03:55:06 +0000] "GET /jtrac/app/ HTTP/1.1" 302 0 
0:0:0:0:0:0:0:1 -  -  [24/05/2017:03:55:06 +0000] "GET /jtrac/app/login;jsessionid=dxiee1swli6a HTTP/1.1" 200 2415 
0:0:0:0:0:0:0:1 -  -  [24/05/2017:03:55:06 +0000] "GET /jtrac/resources/jtrac.css HTTP/1.1" 200 2347 
0:0:0:0:0:0:0:1 -  -  [24/05/2017:03:55:06 +0000] "GET /jtrac/app/resources/org.apache.wicket.markup.html.WicketEventReference/wicket-event.js HTTP/1.1" 200 1195 
0:0:0:0:0:0:0:1 -  -  [24/05/2017:03:55:06 +0000] "GET /jtrac/favicon.ico HTTP/1.1" 200 3638 
0:0:0:0:0:0:0:1 -  -  [24/05/2017:03:55:12 +0000] "POST /jtrac/app/login/wicket:interface/%3A0%3Aform%3A%3AIFormSubmitListener%3A%3A/ HTTP/1.1" 302 0 
0:0:0:0:0:0:0:1 -  -  [24/05/2017:03:55:12 +0000] "GET /jtrac/app/ HTTP/1.1" 200 2465 
0:0:0:0:0:0:0:1 -  -  [24/05/2017:03:55:12 +0000] "GET /jtrac/resources/dashboard.gif HTTP/1.1" 200 603 
0:0:0:0:0:0:0:1 -  -  [24/05/2017:03:55:12 +0000] "GET /jtrac/resources/options.gif HTTP/1.1" 200 225 
0:0:0:0:0:0:0:1 -  -  [24/05/2017:03:55:12 +0000] "GET /jtrac/resources/search.gif HTTP/1.1" 200 1023 
0:0:0:0:0:0:0:1 -  -  [24/05/2017:03:55:12 +0000] "GET /jtrac/resources/user.gif HTTP/1.1" 200 577 
0:0:0:0:0:0:0:1 -  -  [24/05/2017:03:55:12 +0000] "GET /jtrac/resources/logout.gif HTTP/1.1" 200 1069 
0:0:0:0:0:0:0:1 -  -  [24/05/2017:03:55:16 +0000] "GET /jtrac/app/?wicket:interface=:2:header:dashboard::ILinkListener:: HTTP/1.1" 302 0 
0:0:0:0:0:0:0:1 -  -  [24/05/2017:03:55:16 +0000] "GET /jtrac/app/ HTTP/1.1" 200 2465 
0:0:0:0:0:0:0:1 -  -  [24/05/2017:03:55:18 +0000] "GET /jtrac/app/?wicket:interface=:3:header:search::ILinkListener:: HTTP/1.1" 302 0 
0:0:0:0:0:0:0:1 -  -  [24/05/2017:03:55:18 +0000] "GET /jtrac/app/?wicket:bookmarkablePage=%3Ainfo.jtrac.wicket.ItemSearchFormPage HTTP/1.1" 200 12366 
0:0:0:0:0:0:0:1 -  -  [24/05/2017:03:55:18 +0000] "GET /jtrac/app/resources/org.apache.wicket.ajax.AbstractDefaultAjaxBehavior/indicator.gif HTTP/1.1" 200 1553 
0:0:0:0:0:0:0:1 -  -  [24/05/2017:03:55:18 +0000] "GET /jtrac/app/resources/org.apache.wicket.ajax.WicketAjaxReference/wicket-ajax.js HTTP/1.1" 200 8666 
0:0:0:0:0:0:0:1 -  -  [24/05/2017:03:55:19 +0000] "GET /jtrac/app/?wicket:interface=:4:header:options::ILinkListener:: HTTP/1.1" 302 0 
0:0:0:0:0:0:0:1 -  -  [24/05/2017:03:55:19 +0000] "GET /jtrac/app/?wicket:bookmarkablePage=%3Ainfo.jtrac.wicket.OptionsPage HTTP/1.1" 200 4793 
0:0:0:0:0:0:0:1 -  -  [24/05/2017:03:55:19 +0000] "GET /jtrac/resources/users.gif HTTP/1.1" 200 1035 
0:0:0:0:0:0:0:1 -  -  [24/05/2017:03:55:19 +0000] "GET /jtrac/resources/spaces.gif HTTP/1.1" 200 598 
0:0:0:0:0:0:0:1 -  -  [24/05/2017:03:55:19 +0000] "GET /jtrac/resources/settings.gif HTTP/1.1" 200 336 
0:0:0:0:0:0:0:1 -  -  [24/05/2017:03:55:19 +0000] "GET /jtrac/resources/refresh.gif HTTP/1.1" 200 605 
0:0:0:0:0:0:0:1 -  -  [24/05/2017:03:55:21 +0000] "GET /jtrac/app/?wicket:interface=:5:header:dashboard::ILinkListener:: HTTP/1.1" 302 0 
0:0:0:0:0:0:0:1 -  -  [24/05/2017:03:55:21 +0000] "GET /jtrac/app/ HTTP/1.1" 200 2465 
0:0:0:0:0:0:0:1 -  -  [24/05/2017:03:55:23 +0000] "GET /jtrac/app/?wicket:interface=:6:header:logout::ILinkListener:: HTTP/1.1" 302 0 
0:0:0:0:0:0:0:1 -  -  [24/05/2017:03:55:23 +0000] "GET /jtrac/app/logout/locale/en/ HTTP/1.1" 200 1435 
0:0:0:0:0:0:0:1 -  -  [24/05/2017:03:55:25 +0000] "GET /jtrac/app/login HTTP/1.1" 200 2415 
0:0:0:0:0:0:0:1 -  -  [24/05/2017:03:55:28 +0000] "POST /jtrac/app/login/wicket:interface/%3A1%3Aform%3A%3AIFormSubmitListener%3A%3A/ HTTP/1.1" 302 0 
0:0:0:0:0:0:0:1 -  -  [24/05/2017:03:55:28 +0000] "GET /jtrac/app/ HTTP/1.1" 200 2465 
0:0:0:0:0:0:0:1 -  -  [24/05/2017:03:56:01 +0000] "GET /jtrac/app/?wicket:interface=:3:header:options::ILinkListener:: HTTP/1.1" 302 0 
0:0:0:0:0:0:0:1 -  -  [24/05/2017:03:56:01 +0000] "GET /jtrac/app/?wicket:bookmarkablePage=%3Ainfo.jtrac.wicket.OptionsPage HTTP/1.1" 200 4793 
0:0:0:0:0:0:0:1 -  -  [24/05/2017:03:56:04 +0000] "GET /jtrac/app/?wicket:interface=:4:profile::ILinkListener:: HTTP/1.1" 302 0 
0:0:0:0:0:0:0:1 -  -  [24/05/2017:03:56:04 +0000] "GET /jtrac/app/?wicket:interface=:5:::: HTTP/1.1" 200 6844 
0:0:0:0:0:0:0:1 -  -  [24/05/2017:03:56:04 +0000] "GET /jtrac/resources/cancel.gif HTTP/1.1" 200 343 
0:0:0:0:0:0:0:1 -  -  [24/05/2017:03:56:07 +0000] "GET /jtrac/app/?wicket:interface=:5:header:dashboard::ILinkListener:: HTTP/1.1" 302 0 
0:0:0:0:0:0:0:1 -  -  [24/05/2017:03:56:07 +0000] "GET /jtrac/app/ HTTP/1.1" 200 2465 
0:0:0:0:0:0:0:1 -  -  [24/05/2017:03:56:31 +0000] "GET /jtrac/app/?wicket:interface=:6:header:logout::ILinkListener:: HTTP/1.1" 302 0 
0:0:0:0:0:0:0:1 -  -  [24/05/2017:03:56:31 +0000] "GET /jtrac/app/logout/locale/en/ HTTP/1.1" 200 1435 
