2017-06-02 17:45:32,365 [localhost-startStop-1] INFO [info.jtrac.config.JtracConfigurer] - found 'jtrac-init.properties' on classpath, processing...
2017-06-02 17:45:32,381 [localhost-startStop-1] INFO [info.jtrac.config.JtracConfigurer] - locales available configured are 'en,de,el,es,es_AR,es_MX,fr,it,ja,nl,pl,pt_BR,ru,zh_CN,zh_TW'
2017-06-02 17:45:32,381 [localhost-startStop-1] INFO [info.jtrac.config.JtracConfigurer] - valid 'jtrac.home' property not available in 'jtrac-init.properties', trying system properties.
2017-06-02 17:45:32,381 [localhost-startStop-1] INFO [info.jtrac.config.JtracConfigurer] - valid 'jtrac.home' property not available in system properties, trying servlet init paramters.
2017-06-02 17:45:32,381 [localhost-startStop-1] WARN [info.jtrac.config.JtracConfigurer] - Servlet init paramter  'jtrac.home' does not exist.  Will use 'user.home' directory 'C:\Users\karen/.jtrac'
2017-06-02 17:45:32,381 [localhost-startStop-1] INFO [info.jtrac.config.JtracConfigurer] - directory already exists: 'C:\Users\karen\.jtrac'
2017-06-02 17:45:32,381 [localhost-startStop-1] INFO [info.jtrac.config.JtracConfigurer] - directory already exists: 'C:\Users\karen\.jtrac\attachments'
2017-06-02 17:45:32,381 [localhost-startStop-1] INFO [info.jtrac.config.JtracConfigurer] - directory already exists: 'C:\Users\karen\.jtrac\indexes'
2017-06-02 17:45:32,381 [localhost-startStop-1] INFO [info.jtrac.config.JtracConfigurer] - 'jtrac.properties' file exists: 'C:\Users\karen\.jtrac\jtrac.properties'
2017-06-02 17:45:32,381 [localhost-startStop-1] INFO [info.jtrac.config.JtracConfigurer] - found 'jtrac-version.properties' on classpath, processing...
2017-06-02 17:45:32,381 [localhost-startStop-1] INFO [info.jtrac.config.JtracConfigurer] - jtrac.version = '2.1.0'
2017-06-02 17:45:32,381 [localhost-startStop-1] INFO [info.jtrac.config.JtracConfigurer] - jtrac.timestamp = '200803022120'
2017-06-02 17:45:32,381 [localhost-startStop-1] INFO [info.jtrac.config.JtracConfigurer] - Loading properties file from file [C:\Users\karen\.jtrac\jtrac.properties]
2017-06-02 17:45:32,490 [localhost-startStop-1] INFO [info.jtrac.config.DataSourceFactoryBean] - embedded HSQLDB mode detected, switching on spring single connection data source
2017-06-02 17:45:34,185 [localhost-startStop-1] INFO [info.jtrac.hibernate.HibernateJtracDao] - database schema exists, normal startup
2017-06-02 17:45:34,279 [localhost-startStop-1] INFO [info.jtrac.JtracImpl] - available locales configured {en=en - English, de=de - German, el=el - Greek, es=es - Spanish, es_AR=es_AR - Spanish (Argentina), es_MX=es_MX - Spanish (Mexico), fr=fr - French, it=it - Italian, ja=ja - Japanese, nl=nl - Dutch, pl=pl - Polish, pt_BR=pt_BR - Portuguese (Brazil), ru=ru - Russian, zh_CN=zh_CN - Chinese (China), zh_TW=zh_TW - Chinese (Taiwan)}
2017-06-02 17:45:34,295 [localhost-startStop-1] WARN [info.jtrac.mail.MailSender] - 'mail.server.host' config is null, mail sender not initialized
2017-06-02 17:45:34,295 [localhost-startStop-1] WARN [info.jtrac.JtracImpl] - invalid default locale configured = 'null', using en
2017-06-02 17:45:34,295 [localhost-startStop-1] INFO [info.jtrac.JtracImpl] - default locale set to 'en'
2017-06-02 17:45:34,295 [localhost-startStop-1] WARN [info.jtrac.JtracImpl] - invalid attachment max size 'null', using 5
2017-06-02 17:45:34,295 [localhost-startStop-1] INFO [info.jtrac.JtracImpl] - attachment max size set to 5 MB
2017-06-02 17:45:34,295 [localhost-startStop-1] WARN [info.jtrac.JtracImpl] - invalid session timeout 'null', using 30
2017-06-02 17:45:34,295 [localhost-startStop-1] INFO [info.jtrac.JtracImpl] - session timeout set to 30 minutes
2017-06-02 17:45:34,670 [localhost-startStop-1] INFO [info.jtrac.wicket.JtracApplication] - casProxyTicketValidator not found in application context, CAS single-sign-on is not being used
2017-06-02 17:45:45,810 [http-nio-8080-exec-4] INFO [info.jtrac.config.ProviderManagerFactoryBean] - not using ldap authentication
2017-06-02 17:48:04,297 [localhost-startStop-2] INFO [info.jtrac.config.DataSourceFactoryBean] - attempting to shut down embedded HSQLDB database
2017-06-02 17:48:06,344 [localhost-startStop-2] INFO [info.jtrac.config.DataSourceFactoryBean] - embedded HSQLDB database shut down successfully
